20/03/2013 01:15:14 (Std) 	+-+-+-+-+-+-+-+-+-+-+-+-+-+-+-+-+-+-+-+-+-+-+-+-+-+-+-+-+-+-+-+-+-+-+-+-+-+-+-+
20/03/2013 01:15:14 (Std) 	+                     Crazy Eddie's GUI System - Event log                    +
20/03/2013 01:15:14 (Std) 	+                          (http://www.cegui.org.uk/)                         +
20/03/2013 01:15:14 (Std) 	+-+-+-+-+-+-+-+-+-+-+-+-+-+-+-+-+-+-+-+-+-+-+-+-+-+-+-+-+-+-+-+-+-+-+-+-+-+-+-+

20/03/2013 01:15:14 (Std) 	CEGUI::Logger singleton created. (01A0FBC8)
20/03/2013 01:15:14 (Std) 	
20/03/2013 01:15:14 (Std) 	********************************************************************************
20/03/2013 01:15:14 (Std) 	* Important:                                                                   *
20/03/2013 01:15:14 (Std) 	*     To get support at the CEGUI forums, you must post _at least_ the section *
20/03/2013 01:15:14 (Std) 	*     of this log file indicated below.  Failure to do this will result in no  *
20/03/2013 01:15:14 (Std) 	*     support being given; please do not waste our time.                       *
20/03/2013 01:15:14 (Std) 	********************************************************************************
20/03/2013 01:15:14 (Std) 	********************************************************************************
20/03/2013 01:15:14 (Std) 	* -------- START OF ESSENTIAL SECTION TO BE POSTED ON THE FORUM       -------- *
20/03/2013 01:15:14 (Std) 	********************************************************************************
20/03/2013 01:15:14 (Std) 	---- Version 0.7.9 (Build: Mar 12 2013 Microsoft Windows g++ 4.4.1 32 bit) ----
20/03/2013 01:15:14 (Std) 	---- Renderer module is: CEGUI::OpenGLRenderer - Official OpenGL based 2nd generation renderer module.  TextureTarget support enabled via FBO extension. ----
20/03/2013 01:15:14 (Std) 	---- XML Parser module is: CEGUI::ExpatParser - Official expat based parser module for CEGUI ----
20/03/2013 01:15:14 (Std) 	---- Image Codec module is: SILLYImageCodec - Official SILLY based image codec ----
20/03/2013 01:15:14 (Std) 	---- Scripting module is: None ----
20/03/2013 01:15:14 (Std) 	********************************************************************************
20/03/2013 01:15:14 (Std) 	* -------- END OF ESSENTIAL SECTION TO BE POSTED ON THE FORUM         -------- *
20/03/2013 01:15:14 (Std) 	********************************************************************************
20/03/2013 01:15:14 (Std) 	
20/03/2013 01:15:14 (Std) 	---- Begining CEGUI System initialisation ----
20/03/2013 01:15:14 (Std) 	CEGUI::ImagesetManager singleton created (01A10CE0)
20/03/2013 01:15:14 (Std) 	CEGUI::FontManager singleton created. (01A11378)
20/03/2013 01:15:14 (Std) 	CEGUI::WindowFactoryManager singleton created
20/03/2013 01:15:14 (Std) 	CEGUI::WindowManager singleton created (00342E68)
20/03/2013 01:15:14 (Std) 	CEGUI::SchemeManager singleton created. (01A11450)
20/03/2013 01:15:14 (Std) 	CEGUI::MouseCursor singleton created. (01A02638)
20/03/2013 01:15:14 (Std) 	CEGUI::GlobalEventSet singleton created. (01A08F58)
20/03/2013 01:15:14 (Std) 	CEGUI::AnimationManager singleton created (01A12510)
20/03/2013 01:15:14 (Std) 	CEGUI::WidgetLookManager singleton created. (01A106D0)
20/03/2013 01:15:14 (Std) 	CEGUI::WindowRendererManager singleton created (01A108F0)
20/03/2013 01:15:14 (Std) 	CEGUI::RenderEffectManager singleton created (00343780)
20/03/2013 01:15:14 (Std) 	Created WindowFactory for 'DefaultWindow' windows.
20/03/2013 01:15:14 (Std) 	WindowFactory for 'DefaultWindow' windows added. (01A141E8)
20/03/2013 01:15:14 (Std) 	Created WindowFactory for 'DragContainer' windows.
20/03/2013 01:15:14 (Std) 	WindowFactory for 'DragContainer' windows added. (01A14290)
20/03/2013 01:15:14 (Std) 	Created WindowFactory for 'ScrolledContainer' windows.
20/03/2013 01:15:14 (Std) 	WindowFactory for 'ScrolledContainer' windows added. (01A14338)
20/03/2013 01:15:14 (Std) 	Created WindowFactory for 'ClippedContainer' windows.
20/03/2013 01:15:14 (Std) 	WindowFactory for 'ClippedContainer' windows added. (01A143E0)
20/03/2013 01:15:14 (Std) 	Created WindowFactory for 'CEGUI/Checkbox' windows.
20/03/2013 01:15:14 (Std) 	WindowFactory for 'CEGUI/Checkbox' windows added. (01A15488)
20/03/2013 01:15:14 (Std) 	Created WindowFactory for 'CEGUI/PushButton' windows.
20/03/2013 01:15:14 (Std) 	WindowFactory for 'CEGUI/PushButton' windows added. (01A15530)
20/03/2013 01:15:14 (Std) 	Created WindowFactory for 'CEGUI/RadioButton' windows.
20/03/2013 01:15:14 (Std) 	WindowFactory for 'CEGUI/RadioButton' windows added. (01A155D8)
20/03/2013 01:15:14 (Std) 	Created WindowFactory for 'CEGUI/Combobox' windows.
20/03/2013 01:15:14 (Std) 	WindowFactory for 'CEGUI/Combobox' windows added. (01A15680)
20/03/2013 01:15:14 (Std) 	Created WindowFactory for 'CEGUI/ComboDropList' windows.
20/03/2013 01:15:14 (Std) 	WindowFactory for 'CEGUI/ComboDropList' windows added. (01A15728)
20/03/2013 01:15:14 (Std) 	Created WindowFactory for 'CEGUI/Editbox' windows.
20/03/2013 01:15:14 (Std) 	WindowFactory for 'CEGUI/Editbox' windows added. (01A16070)
20/03/2013 01:15:14 (Std) 	Created WindowFactory for 'CEGUI/FrameWindow' windows.
20/03/2013 01:15:14 (Std) 	WindowFactory for 'CEGUI/FrameWindow' windows added. (01A16118)
20/03/2013 01:15:14 (Std) 	Created WindowFactory for 'CEGUI/ItemEntry' windows.
20/03/2013 01:15:14 (Std) 	WindowFactory for 'CEGUI/ItemEntry' windows added. (01A161C0)
20/03/2013 01:15:14 (Std) 	Created WindowFactory for 'CEGUI/Listbox' windows.
20/03/2013 01:15:14 (Std) 	WindowFactory for 'CEGUI/Listbox' windows added. (01A16268)
20/03/2013 01:15:14 (Std) 	Created WindowFactory for 'CEGUI/ListHeader' windows.
20/03/2013 01:15:14 (Std) 	WindowFactory for 'CEGUI/ListHeader' windows added. (01A16310)
20/03/2013 01:15:14 (Std) 	Created WindowFactory for 'CEGUI/ListHeaderSegment' windows.
20/03/2013 01:15:14 (Std) 	WindowFactory for 'CEGUI/ListHeaderSegment' windows added. (01A163E0)
20/03/2013 01:15:14 (Std) 	Created WindowFactory for 'CEGUI/Menubar' windows.
20/03/2013 01:15:14 (Std) 	WindowFactory for 'CEGUI/Menubar' windows added. (01A16488)
20/03/2013 01:15:14 (Std) 	Created WindowFactory for 'CEGUI/PopupMenu' windows.
20/03/2013 01:15:14 (Std) 	WindowFactory for 'CEGUI/PopupMenu' windows added. (01A16DB8)
20/03/2013 01:15:14 (Std) 	Created WindowFactory for 'CEGUI/MenuItem' windows.
20/03/2013 01:15:14 (Std) 	WindowFactory for 'CEGUI/MenuItem' windows added. (01A171A8)
20/03/2013 01:15:14 (Std) 	Created WindowFactory for 'CEGUI/MultiColumnList' windows.
20/03/2013 01:15:14 (Std) 	WindowFactory for 'CEGUI/MultiColumnList' windows added. (01A167D0)
20/03/2013 01:15:14 (Std) 	Created WindowFactory for 'CEGUI/MultiLineEditbox' windows.
20/03/2013 01:15:14 (Std) 	WindowFactory for 'CEGUI/MultiLineEditbox' windows added. (01A17100)
20/03/2013 01:15:14 (Std) 	Created WindowFactory for 'CEGUI/ProgressBar' windows.
20/03/2013 01:15:14 (Std) 	WindowFactory for 'CEGUI/ProgressBar' windows added. (01A16530)
20/03/2013 01:15:14 (Std) 	Created WindowFactory for 'CEGUI/ScrollablePane' windows.
20/03/2013 01:15:14 (Std) 	WindowFactory for 'CEGUI/ScrollablePane' windows added. (01A169C8)
20/03/2013 01:15:14 (Std) 	Created WindowFactory for 'CEGUI/Scrollbar' windows.
20/03/2013 01:15:14 (Std) 	WindowFactory for 'CEGUI/Scrollbar' windows added. (01A16A70)
20/03/2013 01:15:14 (Std) 	Created WindowFactory for 'CEGUI/Slider' windows.
20/03/2013 01:15:14 (Std) 	WindowFactory for 'CEGUI/Slider' windows added. (01A17250)
20/03/2013 01:15:14 (Std) 	Created WindowFactory for 'CEGUI/Spinner' windows.
20/03/2013 01:15:14 (Std) 	WindowFactory for 'CEGUI/Spinner' windows added. (01A16B18)
20/03/2013 01:15:14 (Std) 	Created WindowFactory for 'CEGUI/TabButton' windows.
20/03/2013 01:15:14 (Std) 	WindowFactory for 'CEGUI/TabButton' windows added. (01A165D8)
20/03/2013 01:15:14 (Std) 	Created WindowFactory for 'CEGUI/TabControl' windows.
20/03/2013 01:15:14 (Std) 	WindowFactory for 'CEGUI/TabControl' windows added. (01A16BC0)
20/03/2013 01:15:14 (Std) 	Created WindowFactory for 'CEGUI/Thumb' windows.
20/03/2013 01:15:14 (Std) 	WindowFactory for 'CEGUI/Thumb' windows added. (01A172F8)
20/03/2013 01:15:14 (Std) 	Created WindowFactory for 'CEGUI/Titlebar' windows.
20/03/2013 01:15:14 (Std) 	WindowFactory for 'CEGUI/Titlebar' windows added. (01A16FB0)
20/03/2013 01:15:14 (Std) 	Created WindowFactory for 'CEGUI/Tooltip' windows.
20/03/2013 01:15:14 (Std) 	WindowFactory for 'CEGUI/Tooltip' windows added. (01A16F08)
20/03/2013 01:15:14 (Std) 	Created WindowFactory for 'CEGUI/ItemListbox' windows.
20/03/2013 01:15:14 (Std) 	WindowFactory for 'CEGUI/ItemListbox' windows added. (01A16680)
20/03/2013 01:15:14 (Std) 	Created WindowFactory for 'CEGUI/GroupBox' windows.
20/03/2013 01:15:14 (Std) 	WindowFactory for 'CEGUI/GroupBox' windows added. (01A16C68)
20/03/2013 01:15:14 (Std) 	Created WindowFactory for 'CEGUI/Tree' windows.
20/03/2013 01:15:14 (Std) 	WindowFactory for 'CEGUI/Tree' windows added. (01A16878)
20/03/2013 01:15:14 (Std) 	Created WindowFactory for 'HorizontalLayoutContainer' windows.
20/03/2013 01:15:14 (Std) 	WindowFactory for 'HorizontalLayoutContainer' windows added. (01A16D10)
20/03/2013 01:15:14 (Std) 	Created WindowFactory for 'VerticalLayoutContainer' windows.
20/03/2013 01:15:14 (Std) 	WindowFactory for 'VerticalLayoutContainer' windows added. (01A16E60)
20/03/2013 01:15:14 (Std) 	Created WindowFactory for 'GridLayoutContainer' windows.
20/03/2013 01:15:14 (Std) 	WindowFactory for 'GridLayoutContainer' windows added. (01A17058)
20/03/2013 01:15:14 (Std) 	Window type alias named 'DefaultGUISheet' added for window type 'DefaultWindow'.
20/03/2013 01:15:14 (Std) 	CEGUI::System singleton created. (01A0F950)
20/03/2013 01:15:14 (Std) 	---- CEGUI System initialisation completed ----
20/03/2013 01:15:14 (Std) 	
20/03/2013 01:15:14 (Std) 	Started creation of Scheme from XML specification:
20/03/2013 01:15:14 (Std) 	---- CEGUI GUIScheme name: TaharezLook
20/03/2013 01:15:14 (Std) 	Started creation of Imageset from XML specification:
20/03/2013 01:15:14 (Std) 	---- CEGUI Imageset name: TaharezLook
20/03/2013 01:15:14 (Std) 	---- Source texture file: TaharezLook.tga in resource group: (Default)
20/03/2013 01:15:14 (Std) 	Started creation of Font from XML specification:
20/03/2013 01:15:14 (Std) 	---- CEGUI font name: DejaVuSans-10
20/03/2013 01:15:14 (Std) 	----       Font type: FreeType
20/03/2013 01:15:14 (Std) 	----     Source file: DejaVuSans.ttf in resource group: (Default)
20/03/2013 01:15:14 (Std) 	---- Real point size: 10
20/03/2013 01:15:14 (Std) 	===== Falagard 'root' element: look and feel parsing begins =====
20/03/2013 01:15:14 (Std) 	===== Look and feel parsing completed =====
20/03/2013 01:15:14 (Std) 	No window renderer factories specified for module 'CEGUIFalagardWRBase' - adding all available factories...
20/03/2013 01:15:14 (Std) 	Created WindowRendererFactory for 'Falagard/Button' WindowRenderers.
20/03/2013 01:15:14 (Std) 	WindowRendererFactory 'Falagard/Button' added. (01A23288)
20/03/2013 01:15:14 (Std) 	Created WindowRendererFactory for 'Falagard/Default' WindowRenderers.
20/03/2013 01:15:14 (Std) 	WindowRendererFactory 'Falagard/Default' added. (01A22BF8)
20/03/2013 01:15:14 (Std) 	Created WindowRendererFactory for 'Falagard/Editbox' WindowRenderers.
20/03/2013 01:15:14 (Std) 	WindowRendererFactory 'Falagard/Editbox' added. (01A22FE8)
20/03/2013 01:15:14 (Std) 	Created WindowRendererFactory for 'Falagard/FrameWindow' WindowRenderers.
20/03/2013 01:15:14 (Std) 	WindowRendererFactory 'Falagard/FrameWindow' added. (01A22418)
20/03/2013 01:15:14 (Std) 	Created WindowRendererFactory for 'Falagard/ItemEntry' WindowRenderers.
20/03/2013 01:15:14 (Std) 	WindowRendererFactory 'Falagard/ItemEntry' added. (01A224C0)
20/03/2013 01:15:14 (Std) 	Created WindowRendererFactory for 'Falagard/ListHeader' WindowRenderers.
20/03/2013 01:15:14 (Std) 	WindowRendererFactory 'Falagard/ListHeader' added. (01A22760)
20/03/2013 01:15:14 (Std) 	Created WindowRendererFactory for 'Falagard/ListHeaderSegment' WindowRenderers.
20/03/2013 01:15:14 (Std) 	WindowRendererFactory 'Falagard/ListHeaderSegment' added. (01A22A00)
20/03/2013 01:15:14 (Std) 	Created WindowRendererFactory for 'Falagard/Listbox' WindowRenderers.
20/03/2013 01:15:14 (Std) 	WindowRendererFactory 'Falagard/Listbox' added. (01A22568)
20/03/2013 01:15:14 (Std) 	Created WindowRendererFactory for 'Falagard/Menubar' WindowRenderers.
20/03/2013 01:15:14 (Std) 	WindowRendererFactory 'Falagard/Menubar' added. (01A22CA0)
20/03/2013 01:15:14 (Std) 	Created WindowRendererFactory for 'Falagard/MenuItem' WindowRenderers.
20/03/2013 01:15:14 (Std) 	WindowRendererFactory 'Falagard/MenuItem' added. (01A226B8)
20/03/2013 01:15:14 (Std) 	Created WindowRendererFactory for 'Falagard/MultiColumnList' WindowRenderers.
20/03/2013 01:15:14 (Std) 	WindowRendererFactory 'Falagard/MultiColumnList' added. (01A22958)
20/03/2013 01:15:14 (Std) 	Created WindowRendererFactory for 'Falagard/MultiLineEditbox' WindowRenderers.
20/03/2013 01:15:14 (Std) 	WindowRendererFactory 'Falagard/MultiLineEditbox' added. (01A22AA8)
20/03/2013 01:15:14 (Std) 	Created WindowRendererFactory for 'Falagard/PopupMenu' WindowRenderers.
20/03/2013 01:15:14 (Std) 	WindowRendererFactory 'Falagard/PopupMenu' added. (01A22808)
20/03/2013 01:15:14 (Std) 	Created WindowRendererFactory for 'Falagard/ProgressBar' WindowRenderers.
20/03/2013 01:15:14 (Std) 	WindowRendererFactory 'Falagard/ProgressBar' added. (01A22DF0)
20/03/2013 01:15:14 (Std) 	Created WindowRendererFactory for 'Falagard/ScrollablePane' WindowRenderers.
20/03/2013 01:15:14 (Std) 	WindowRendererFactory 'Falagard/ScrollablePane' added. (01A22F40)
20/03/2013 01:15:14 (Std) 	Created WindowRendererFactory for 'Falagard/Scrollbar' WindowRenderers.
20/03/2013 01:15:14 (Std) 	WindowRendererFactory 'Falagard/Scrollbar' added. (01A23BB8)
20/03/2013 01:15:14 (Std) 	Created WindowRendererFactory for 'Falagard/Slider' WindowRenderers.
20/03/2013 01:15:14 (Std) 	WindowRendererFactory 'Falagard/Slider' added. (01A23D08)
20/03/2013 01:15:14 (Std) 	Created WindowRendererFactory for 'Falagard/Static' WindowRenderers.
20/03/2013 01:15:14 (Std) 	WindowRendererFactory 'Falagard/Static' added. (01A237C8)
20/03/2013 01:15:14 (Std) 	Created WindowRendererFactory for 'Falagard/StaticImage' WindowRenderers.
20/03/2013 01:15:14 (Std) 	WindowRendererFactory 'Falagard/StaticImage' added. (01A23E58)
20/03/2013 01:15:14 (Std) 	Created WindowRendererFactory for 'Falagard/StaticText' WindowRenderers.
20/03/2013 01:15:14 (Std) 	WindowRendererFactory 'Falagard/StaticText' added. (01A23A68)
20/03/2013 01:15:14 (Std) 	Created WindowRendererFactory for 'Falagard/SystemButton' WindowRenderers.
20/03/2013 01:15:14 (Std) 	WindowRendererFactory 'Falagard/SystemButton' added. (01A23C60)
20/03/2013 01:15:14 (Std) 	Created WindowRendererFactory for 'Falagard/TabButton' WindowRenderers.
20/03/2013 01:15:14 (Std) 	WindowRendererFactory 'Falagard/TabButton' added. (01A23B10)
20/03/2013 01:15:14 (Std) 	Created WindowRendererFactory for 'Falagard/TabControl' WindowRenderers.
20/03/2013 01:15:14 (Std) 	WindowRendererFactory 'Falagard/TabControl' added. (01A23DB0)
20/03/2013 01:15:14 (Std) 	Created WindowRendererFactory for 'Falagard/Titlebar' WindowRenderers.
20/03/2013 01:15:14 (Std) 	WindowRendererFactory 'Falagard/Titlebar' added. (01A23F00)
20/03/2013 01:15:14 (Std) 	Created WindowRendererFactory for 'Falagard/ToggleButton' WindowRenderers.
20/03/2013 01:15:14 (Std) 	WindowRendererFactory 'Falagard/ToggleButton' added. (01A239C0)
20/03/2013 01:15:14 (Std) 	Created WindowRendererFactory for 'Falagard/Tooltip' WindowRenderers.
20/03/2013 01:15:14 (Std) 	WindowRendererFactory 'Falagard/Tooltip' added. (01A240F8)
20/03/2013 01:15:14 (Std) 	Created WindowRendererFactory for 'Falagard/ItemListbox' WindowRenderers.
20/03/2013 01:15:14 (Std) 	WindowRendererFactory 'Falagard/ItemListbox' added. (01A23720)
20/03/2013 01:15:14 (Std) 	Created WindowRendererFactory for 'Falagard/Tree' WindowRenderers.
20/03/2013 01:15:14 (Std) 	WindowRendererFactory 'Falagard/Tree' added. (01A23FA8)
20/03/2013 01:15:14 (Std) 	Creating falagard mapping for type 'TaharezLook/Button' using base type 'CEGUI/PushButton', window renderer 'Falagard/Button' Look'N'Feel 'TaharezLook/Button' and RenderEffect ''. (0023CD20)
20/03/2013 01:15:14 (Std) 	Creating falagard mapping for type 'TaharezLook/Checkbox' using base type 'CEGUI/Checkbox', window renderer 'Falagard/ToggleButton' Look'N'Feel 'TaharezLook/Checkbox' and RenderEffect ''. (0023CD20)
20/03/2013 01:15:14 (Std) 	Creating falagard mapping for type 'TaharezLook/ImageButton' using base type 'CEGUI/PushButton', window renderer 'Falagard/Button' Look'N'Feel 'TaharezLook/ImageButton' and RenderEffect ''. (0023CD20)
20/03/2013 01:15:14 (Std) 	Creating falagard mapping for type 'TaharezLook/RadioButton' using base type 'CEGUI/RadioButton', window renderer 'Falagard/ToggleButton' Look'N'Feel 'TaharezLook/RadioButton' and RenderEffect ''. (0023CD20)
20/03/2013 01:15:14 (Std) 	Creating falagard mapping for type 'TaharezLook/FrameWindow' using base type 'CEGUI/FrameWindow', window renderer 'Falagard/FrameWindow' Look'N'Feel 'TaharezLook/FrameWindow' and RenderEffect ''. (0023CD20)
20/03/2013 01:15:14 (Std) 	Creating falagard mapping for type 'TaharezLook/Titlebar' using base type 'CEGUI/Titlebar', window renderer 'Falagard/Titlebar' Look'N'Feel 'TaharezLook/Titlebar' and RenderEffect ''. (0023CD20)
20/03/2013 01:15:14 (Std) 	Creating falagard mapping for type 'TaharezLook/SystemButton' using base type 'CEGUI/PushButton', window renderer 'Falagard/Button' Look'N'Feel 'TaharezLook/Button' and RenderEffect ''. (0023CD20)
20/03/2013 01:15:14 (Std) 	Creating falagard mapping for type 'TaharezLook/Editbox' using base type 'CEGUI/Editbox', window renderer 'Falagard/Editbox' Look'N'Feel 'TaharezLook/Editbox' and RenderEffect ''. (0023CD20)
20/03/2013 01:15:14 (Std) 	Creating falagard mapping for type 'TaharezLook/MultiLineEditbox' using base type 'CEGUI/MultiLineEditbox', window renderer 'Falagard/MultiLineEditbox' Look'N'Feel 'TaharezLook/MultiLineEditbox' and RenderEffect ''. (0023CD20)
20/03/2013 01:15:14 (Std) 	Creating falagard mapping for type 'TaharezLook/Menubar' using base type 'CEGUI/Menubar', window renderer 'Falagard/Menubar' Look'N'Feel 'TaharezLook/Menubar' and RenderEffect ''. (0023CD20)
20/03/2013 01:15:14 (Std) 	Creating falagard mapping for type 'TaharezLook/PopupMenu' using base type 'CEGUI/PopupMenu', window renderer 'Falagard/PopupMenu' Look'N'Feel 'TaharezLook/PopupMenu' and RenderEffect ''. (0023CD20)
20/03/2013 01:15:14 (Std) 	Creating falagard mapping for type 'TaharezLook/MenuItem' using base type 'CEGUI/MenuItem', window renderer 'Falagard/MenuItem' Look'N'Feel 'TaharezLook/MenuItem' and RenderEffect ''. (0023CD20)
20/03/2013 01:15:14 (Std) 	Creating falagard mapping for type 'TaharezLook/AlternateProgressBar' using base type 'CEGUI/ProgressBar', window renderer 'Falagard/ProgressBar' Look'N'Feel 'TaharezLook/AltProgressBar' and RenderEffect ''. (0023CD20)
20/03/2013 01:15:14 (Std) 	Creating falagard mapping for type 'TaharezLook/ProgressBar' using base type 'CEGUI/ProgressBar', window renderer 'Falagard/ProgressBar' Look'N'Feel 'TaharezLook/ProgressBar' and RenderEffect ''. (0023CD20)
20/03/2013 01:15:14 (Std) 	Creating falagard mapping for type 'TaharezLook/VUMeter' using base type 'CEGUI/ProgressBar', window renderer 'Falagard/ProgressBar' Look'N'Feel 'TaharezLook/VUMeter' and RenderEffect ''. (0023CD20)
20/03/2013 01:15:14 (Std) 	Creating falagard mapping for type 'TaharezLook/VerticalScrollbar' using base type 'CEGUI/Scrollbar', window renderer 'Falagard/Scrollbar' Look'N'Feel 'TaharezLook/VerticalScrollbar' and RenderEffect ''. (0023CD20)
20/03/2013 01:15:14 (Std) 	Creating falagard mapping for type 'TaharezLook/HorizontalScrollbar' using base type 'CEGUI/Scrollbar', window renderer 'Falagard/Scrollbar' Look'N'Feel 'TaharezLook/HorizontalScrollbar' and RenderEffect ''. (0023CD20)
20/03/2013 01:15:14 (Std) 	Creating falagard mapping for type 'TaharezLook/VerticalScrollbarThumb' using base type 'CEGUI/Thumb', window renderer 'Falagard/Button' Look'N'Feel 'TaharezLook/VerticalScrollbarThumb' and RenderEffect ''. (0023CD20)
20/03/2013 01:15:14 (Std) 	Creating falagard mapping for type 'TaharezLook/HorizontalScrollbarThumb' using base type 'CEGUI/Thumb', window renderer 'Falagard/Button' Look'N'Feel 'TaharezLook/HorizontalScrollbarThumb' and RenderEffect ''. (0023CD20)
20/03/2013 01:15:14 (Std) 	Creating falagard mapping for type 'TaharezLook/LargeVerticalScrollbar' using base type 'CEGUI/Scrollbar', window renderer 'Falagard/Scrollbar' Look'N'Feel 'TaharezLook/LargeVerticalScrollbar' and RenderEffect ''. (0023CD20)
20/03/2013 01:15:14 (Std) 	Creating falagard mapping for type 'TaharezLook/LargeVerticalScrollbarThumb' using base type 'CEGUI/Thumb', window renderer 'Falagard/Button' Look'N'Feel 'TaharezLook/LargeVerticalScrollbarThumb' and RenderEffect ''. (0023CD20)
20/03/2013 01:15:14 (Std) 	Creating falagard mapping for type 'TaharezLook/TabButton' using base type 'CEGUI/TabButton', window renderer 'Falagard/TabButton' Look'N'Feel 'TaharezLook/TabButton' and RenderEffect ''. (0023CD20)
20/03/2013 01:15:14 (Std) 	Creating falagard mapping for type 'TaharezLook/TabControl' using base type 'CEGUI/TabControl', window renderer 'Falagard/TabControl' Look'N'Feel 'TaharezLook/TabControl' and RenderEffect ''. (0023CD20)
20/03/2013 01:15:14 (Std) 	Creating falagard mapping for type 'TaharezLook/TabContentPane' using base type 'DefaultWindow', window renderer 'Falagard/Default' Look'N'Feel 'TaharezLook/TabContentPane' and RenderEffect ''. (0023CD20)
20/03/2013 01:15:14 (Std) 	Creating falagard mapping for type 'TaharezLook/TabButtonPane' using base type 'DefaultWindow', window renderer 'Falagard/Default' Look'N'Feel 'TaharezLook/TabButtonPane' and RenderEffect ''. (0023CD20)
20/03/2013 01:15:14 (Std) 	Creating falagard mapping for type 'TaharezLook/ComboDropList' using base type 'CEGUI/ComboDropList', window renderer 'Falagard/Listbox' Look'N'Feel 'TaharezLook/ComboDropList' and RenderEffect ''. (0023CD20)
20/03/2013 01:15:14 (Std) 	Creating falagard mapping for type 'TaharezLook/ComboEditbox' using base type 'CEGUI/Editbox', window renderer 'Falagard/Editbox' Look'N'Feel 'TaharezLook/ComboEditbox' and RenderEffect ''. (0023CD20)
20/03/2013 01:15:14 (Std) 	Creating falagard mapping for type 'TaharezLook/Combobox' using base type 'CEGUI/Combobox', window renderer 'Falagard/Default' Look'N'Feel 'TaharezLook/Combobox' and RenderEffect ''. (0023CD20)
20/03/2013 01:15:14 (Std) 	Creating falagard mapping for type 'TaharezLook/Listbox' using base type 'CEGUI/Listbox', window renderer 'Falagard/Listbox' Look'N'Feel 'TaharezLook/Listbox' and RenderEffect ''. (0023CD20)
20/03/2013 01:15:14 (Std) 	Creating falagard mapping for type 'TaharezLook/ListHeader' using base type 'CEGUI/ListHeader', window renderer 'Falagard/ListHeader' Look'N'Feel 'TaharezLook/ListHeader' and RenderEffect ''. (0023CD20)
20/03/2013 01:15:14 (Std) 	Creating falagard mapping for type 'TaharezLook/ListHeaderSegment' using base type 'CEGUI/ListHeaderSegment', window renderer 'Falagard/ListHeaderSegment' Look'N'Feel 'TaharezLook/ListHeaderSegment' and RenderEffect ''. (0023CD20)
20/03/2013 01:15:14 (Std) 	Creating falagard mapping for type 'TaharezLook/MultiColumnList' using base type 'CEGUI/MultiColumnList', window renderer 'Falagard/MultiColumnList' Look'N'Feel 'TaharezLook/MultiColumnList' and RenderEffect ''. (0023CD20)
20/03/2013 01:15:14 (Std) 	Creating falagard mapping for type 'TaharezLook/Slider' using base type 'CEGUI/Slider', window renderer 'Falagard/Slider' Look'N'Feel 'TaharezLook/Slider' and RenderEffect ''. (0023CD20)
20/03/2013 01:15:14 (Std) 	Creating falagard mapping for type 'TaharezLook/SliderThumb' using base type 'CEGUI/Thumb', window renderer 'Falagard/Button' Look'N'Feel 'TaharezLook/SliderThumb' and RenderEffect ''. (0023CD20)
20/03/2013 01:15:14 (Std) 	Creating falagard mapping for type 'TaharezLook/ScrollablePane' using base type 'CEGUI/ScrollablePane', window renderer 'Falagard/ScrollablePane' Look'N'Feel 'TaharezLook/ScrollablePane' and RenderEffect ''. (0023CD20)
20/03/2013 01:15:14 (Std) 	Creating falagard mapping for type 'TaharezLook/Spinner' using base type 'CEGUI/Spinner', window renderer 'Falagard/Default' Look'N'Feel 'TaharezLook/Spinner' and RenderEffect ''. (0023CD20)
20/03/2013 01:15:14 (Std) 	Creating falagard mapping for type 'TaharezLook/Tooltip' using base type 'CEGUI/Tooltip', window renderer 'Falagard/Tooltip' Look'N'Feel 'TaharezLook/Tooltip' and RenderEffect ''. (0023CD20)
20/03/2013 01:15:14 (Std) 	Creating falagard mapping for type 'TaharezLook/StaticImage' using base type 'DefaultWindow', window renderer 'Falagard/StaticImage' Look'N'Feel 'TaharezLook/StaticImage' and RenderEffect ''. (0023CD20)
20/03/2013 01:15:14 (Std) 	Creating falagard mapping for type 'TaharezLook/StaticText' using base type 'DefaultWindow', window renderer 'Falagard/StaticText' Look'N'Feel 'TaharezLook/StaticText' and RenderEffect ''. (0023CD20)
20/03/2013 01:15:14 (Std) 	Creating falagard mapping for type 'TaharezLook/ItemListbox' using base type 'CEGUI/ItemListbox', window renderer 'Falagard/ItemListbox' Look'N'Feel 'TaharezLook/ItemListbox' and RenderEffect ''. (0023CD20)
20/03/2013 01:15:14 (Std) 	Creating falagard mapping for type 'TaharezLook/ListboxItem' using base type 'CEGUI/ItemEntry', window renderer 'Falagard/ItemEntry' Look'N'Feel 'TaharezLook/ListboxItem' and RenderEffect ''. (0023CD20)
20/03/2013 01:15:14 (Std) 	Creating falagard mapping for type 'TaharezLook/GroupBox' using base type 'CEGUI/GroupBox', window renderer 'Falagard/Default' Look'N'Feel 'TaharezLook/GroupBox' and RenderEffect ''. (0023CD20)
20/03/2013 01:15:14 (Std) 	Creating falagard mapping for type 'TaharezLook/Tree' using base type 'CEGUI/Tree', window renderer 'Falagard/Tree' Look'N'Feel 'TaharezLook/Tree' and RenderEffect ''. (0023CD20)
20/03/2013 01:15:14 (Std) 	Started creation of Imageset from XML specification:
20/03/2013 01:15:14 (Std) 	---- CEGUI Imageset name: MadEngine
20/03/2013 01:15:14 (Std) 	---- Source texture file: MadEngine.png in resource group: (Default)
20/03/2013 01:15:14 (Std) 	---- Successfully completed loading of GUI layout from 'GUI.layout' ----
20/03/2013 01:15:14 (Std) 	Attempting to create Imageset 'DejaVuSans-10_auto_glyph_images_ ' with texture only.
